<?xml version="1.0" encoding="UTF-8"?>
<!-- Generated by org.testng.reporters.JUnitXMLReporter -->
<testsuite ignored="0" hostname="DESKTOP-SIIVU1M" failures="1" tests="1" name="Test" time="0.077" errors="0" timestamp="2022-11-01T16:49:46 IST">
  <testcase classname="com.testcases.LoginTestCase" name="loginPage" time="0.0">
    <failure type="org.testng.TestNGException" message="
Method public void com.testcases.LoginTestCase.loginPage(java.lang.String,java.lang.String) requires a @DataProvider named : sheet1 in class org.testng.annotations.DataProvider">
      <![CDATA[org.testng.TestNGException: 
at java.base/java.util.ArrayList.forEach(ArrayList.java:1511)
... Removed 25 stack frames]]>
    </failure>
  </testcase> <!-- loginPage -->
</testsuite> <!-- Test -->
